<?xml version="1.0" encoding="UTF-8"?>
<testng-results ignored="0" total="3" passed="3" failed="0" skipped="0">
  <reporter-output>
  </reporter-output>
  <suite started-at="2024-05-25T16:35:12 IST" name="API Regression suite" finished-at="2024-05-25T16:35:17 IST" duration-ms="4855">
    <groups>
    </groups>
    <test started-at="2024-05-25T16:35:12 IST" name="Go Rest API Test_Create User" finished-at="2024-05-25T16:35:17 IST" duration-ms="4855">
      <class name="com.qa.gorest.tests.CreateUserTest">
        <test-method is-config="true" signature="setUp(java.lang.String)[pri:0, instance:com.qa.gorest.tests.CreateUserTest@788fcafb]" started-at="2024-05-25T16:35:12 IST" name="setUp" finished-at="2024-05-25T16:35:13 IST" duration-ms="528" status="PASS">
          <params>
            <param index="0">
              <value>
                <![CDATA[https://gorest.co.in]]>
              </value>
            </param>
          </params>
          <reporter-output>
          </reporter-output>
        </test-method> <!-- setUp -->
        <test-method is-config="true" signature="createUserSetup()[pri:0, instance:com.qa.gorest.tests.CreateUserTest@788fcafb]" started-at="2024-05-25T16:35:13 IST" name="createUserSetup" finished-at="2024-05-25T16:35:13 IST" duration-ms="1" status="PASS">
          <reporter-output>
          </reporter-output>
        </test-method> <!-- createUserSetup -->
        <test-method signature="createUser(java.lang.String,java.lang.String,java.lang.String)[pri:0, instance:com.qa.gorest.tests.CreateUserTest@788fcafb]" started-at="2024-05-25T16:35:13 IST" name="createUser" data-provider="createUserData" finished-at="2024-05-25T16:35:16 IST" duration-ms="2675" status="PASS">
          <params>
            <param index="0">
              <value>
                <![CDATA[Rohit]]>
              </value>
            </param>
            <param index="1">
              <value>
                <![CDATA[male]]>
              </value>
            </param>
            <param index="2">
              <value>
                <![CDATA[active]]>
              </value>
            </param>
          </params>
          <reporter-output>
          </reporter-output>
        </test-method> <!-- createUser -->
        <test-method is-config="true" signature="createUserSetup()[pri:0, instance:com.qa.gorest.tests.CreateUserTest@788fcafb]" started-at="2024-05-25T16:35:16 IST" name="createUserSetup" finished-at="2024-05-25T16:35:16 IST" duration-ms="1" status="PASS">
          <reporter-output>
          </reporter-output>
        </test-method> <!-- createUserSetup -->
        <test-method signature="createUser(java.lang.String,java.lang.String,java.lang.String)[pri:0, instance:com.qa.gorest.tests.CreateUserTest@788fcafb]" started-at="2024-05-25T16:35:16 IST" name="createUser" data-provider="createUserData" finished-at="2024-05-25T16:35:16 IST" duration-ms="762" status="PASS">
          <params>
            <param index="0">
              <value>
                <![CDATA[Sanu]]>
              </value>
            </param>
            <param index="1">
              <value>
                <![CDATA[female]]>
              </value>
            </param>
            <param index="2">
              <value>
                <![CDATA[active]]>
              </value>
            </param>
          </params>
          <reporter-output>
          </reporter-output>
        </test-method> <!-- createUser -->
        <test-method is-config="true" signature="createUserSetup()[pri:0, instance:com.qa.gorest.tests.CreateUserTest@788fcafb]" started-at="2024-05-25T16:35:16 IST" name="createUserSetup" finished-at="2024-05-25T16:35:16 IST" duration-ms="1" status="PASS">
          <reporter-output>
          </reporter-output>
        </test-method> <!-- createUserSetup -->
        <test-method signature="createUser(java.lang.String,java.lang.String,java.lang.String)[pri:0, instance:com.qa.gorest.tests.CreateUserTest@788fcafb]" started-at="2024-05-25T16:35:16 IST" name="createUser" data-provider="createUserData" finished-at="2024-05-25T16:35:17 IST" duration-ms="774" status="PASS">
          <params>
            <param index="0">
              <value>
                <![CDATA[Sneha]]>
              </value>
            </param>
            <param index="1">
              <value>
                <![CDATA[female]]>
              </value>
            </param>
            <param index="2">
              <value>
                <![CDATA[inactive]]>
              </value>
            </param>
          </params>
          <reporter-output>
          </reporter-output>
        </test-method> <!-- createUser -->
      </class> <!-- com.qa.gorest.tests.CreateUserTest -->
    </test> <!-- Go Rest API Test_Create User -->
  </suite> <!-- API Regression suite -->
</testng-results>
