<?xml version="1.0" encoding="UTF-8"?>
<!-- Generated by org.testng.reporters.JUnitXMLReporter -->
<testsuite ignored="0" hostname="LAPTOP-VPD2VMP9" failures="0" tests="3" name="Go Rest API Test_Create User" time="4.855" errors="0" timestamp="2024-05-25T16:35:17 IST">
  <testcase classname="com.qa.gorest.tests.CreateUserTest" name="createUser" time="2.675"/>
  <testcase classname="com.qa.gorest.tests.CreateUserTest" name="createUser" time="0.762"/>
  <testcase classname="com.qa.gorest.tests.CreateUserTest" name="createUser" time="0.774"/>
</testsuite> <!-- Go Rest API Test_Create User -->
