<?xml version="1.0" encoding="UTF-8"?>
<!-- Generated by org.testng.reporters.JUnitXMLReporter -->
<testsuite ignored="0" hostname="LAPTOP-VPD2VMP9" failures="0" tests="3" name="Go Rest API Test_Get Call" time="3.418" errors="0" timestamp="2024-05-24T23:47:11 IST">
  <testcase classname="com.qa.gorest.tests.GetUserTest" name="getUserQueryParamsTest" time="1.432"/>
  <testcase classname="com.qa.gorest.tests.GetUserTest" name="getUserTest" time="0.887"/>
  <testcase classname="com.qa.gorest.tests.GetUserTest" name="getAllUsersTest" time="0.505"/>
</testsuite> <!-- Go Rest API Test_Get Call -->
